<?xml version="1.0" encoding="UTF-8"?>
<!-- Generated by org.testng.reporters.JUnitReportReporter -->
<testsuite hostname="DESKTOP-S1LU18F" failures="0" tests="1" name="com.wipro.testcases.TC021" time="107.239" errors="0" timestamp="2022-05-22T11:00:58 IST" skipped="0">
  <testcase classname="com.wipro.testcases.TC021" name="productcamp" time="107.239"/>
  <system-out/>
</testsuite> <!-- com.wipro.testcases.TC021 -->
