<?xml version="1.0" encoding="UTF-8"?>
<!-- Generated by org.testng.reporters.JUnitReportReporter -->
<testsuite hostname="DESKTOP-S1LU18F" failures="0" tests="4" name="com.wipro.testcases.TC05" time="144.810" errors="0" timestamp="2022-05-24T22:30:11 IST" skipped="0">
  <testcase classname="com.wipro.testcases.TC05" name="giftvoucher" time="29.904"/>
  <system-out/>
  <testcase classname="com.wipro.testcases.TC05" name="customerservice" time="18.361"/>
  <system-out/>
  <testcase classname="com.wipro.testcases.TC05" name="accountupdate" time="88.545"/>
  <system-out/>
  <testcase classname="com.wipro.testcases.TC05" name="logout" time="8.000"/>
  <system-out/>
</testsuite> <!-- com.wipro.testcases.TC05 -->
