<?xml version="1.0" encoding="UTF-8"?>
<!-- Generated by org.testng.reporters.JUnitReportReporter -->
<testsuite hostname="DESKTOP-S1LU18F" failures="0" tests="4" name="com.wipro.testcases.TC01" time="116.931" errors="0" timestamp="2022-05-21T18:11:12 IST" skipped="0">
  <testcase classname="com.wipro.testcases.TC01" name="registration" time="15.773"/>
  <system-out/>
  <testcase classname="com.wipro.testcases.TC01" name="contactus" time="8.813"/>
  <system-out/>
  <testcase classname="com.wipro.testcases.TC01" name="review" time="42.751"/>
  <system-out/>
  <testcase classname="com.wipro.testcases.TC01" name="wishlist" time="49.594"/>
  <system-out/>
</testsuite> <!-- com.wipro.testcases.TC01 -->
