<?xml version="1.0" encoding="UTF-8"?>
<!-- Generated by org.testng.reporters.JUnitReportReporter -->
<testsuite hostname="DESKTOP-S1LU18F" failures="0" tests="1" name="com.wipro.testcases.TC08" time="13.946" errors="0" timestamp="2022-05-24T22:23:09 IST" skipped="0">
  <testcase classname="com.wipro.testcases.TC08" name="nooflinks" time="13.946"/>
  <system-out/>
</testsuite> <!-- com.wipro.testcases.TC08 -->
