<?xml version="1.0" encoding="UTF-8"?>
<!-- Generated by org.testng.reporters.JUnitReportReporter -->
<testsuite hostname="DESKTOP-S1LU18F" failures="0" tests="4" name="com.wipro.testcases.TC04" time="89.471" errors="0" timestamp="2022-05-23T15:52:56 IST" skipped="0">
  <testcase classname="com.wipro.testcases.TC04" name="addtocart" time="16.501"/>
  <system-out/>
  <testcase classname="com.wipro.testcases.TC04" name="updatequantity" time="18.184"/>
  <system-out/>
  <testcase classname="com.wipro.testcases.TC04" name="checkout" time="46.787"/>
  <system-out/>
  <testcase classname="com.wipro.testcases.TC04" name="logout" time="7.999"/>
  <system-out/>
</testsuite> <!-- com.wipro.testcases.TC04 -->
