<?xml version="1.0" encoding="UTF-8"?>
<!-- Generated by org.testng.reporters.JUnitReportReporter -->
<testsuite hostname="DESKTOP-S1LU18F" failures="0" tests="3" name="com.wipro.testcases.TC02" time="145.640" errors="0" timestamp="2022-05-22T11:05:34 IST" skipped="0">
  <testcase classname="com.wipro.testcases.TC02" name="productcamp" time="106.498"/>
  <system-out/>
  <testcase classname="com.wipro.testcases.TC02" name="orderhistory" time="29.728"/>
  <system-out/>
  <testcase classname="com.wipro.testcases.TC02" name="logout" time="9.414"/>
  <system-out/>
</testsuite> <!-- com.wipro.testcases.TC02 -->
