<?xml version="1.0" encoding="UTF-8"?>
<!-- Generated by org.testng.reporters.JUnitReportReporter -->
<testsuite hostname="DESKTOP-S1LU18F" failures="0" tests="1" name="com.wipro.testcases.TC06" time="55.492" errors="0" timestamp="2022-05-24T22:02:01 IST" skipped="0">
  <testcase classname="com.wipro.testcases.TC06" name="checkprice" time="55.492"/>
  <system-out/>
</testsuite> <!-- com.wipro.testcases.TC06 -->
