<?xml version="1.0" encoding="UTF-8"?>
<!-- Generated by org.testng.reporters.JUnitReportReporter -->
<testsuite hostname="DESKTOP-S1LU18F" failures="0" tests="3" name="com.wipro.testcases.TC03" time="108.307" errors="0" timestamp="2022-05-23T00:15:38 IST" skipped="0">
  <testcase classname="com.wipro.testcases.TC03" name="addphone" time="31.937"/>
  <system-out/>
  <testcase classname="com.wipro.testcases.TC03" name="checkout" time="65.435"/>
  <system-out/>
  <testcase classname="com.wipro.testcases.TC03" name="logout" time="10.935"/>
  <system-out/>
</testsuite> <!-- com.wipro.testcases.TC03 -->
